<?xml version="1.0" encoding="UTF-8"?>
<testsuite name="com.hotel_reservation.HotelReservationTest" tests="2" skipped="0" failures="0" errors="0" timestamp="2021-08-04T04:21:56" hostname="SHRADHA" time="0.039">
  <properties/>
  <testcase name="givenHotelDetails_whenAddedRegularRate_ShouldReturnRegularRate()" classname="com.hotel_reservation.HotelReservationTest" time="0.033"/>
  <testcase name="givenHotelDetails_whenAddedName_shouldReturnName()" classname="com.hotel_reservation.HotelReservationTest" time="0.003"/>
  <system-out><![CDATA[]]></system-out>
  <system-err><![CDATA[]]></system-err>
</testsuite>
